<?xml version="1.0" encoding="UTF-8"?>
<testng-results skipped="0" failed="0" total="1" passed="1">
  <reporter-output>
  </reporter-output>
  <suite name="The NewYork Times pages on Browser" duration-ms="25756" started-at="2015-06-14T19:04:33Z" finished-at="2015-06-14T19:04:59Z">
    <groups>
    </groups>
    <test name="The NewYork Times Page" duration-ms="25756" started-at="2015-06-14T19:04:33Z" finished-at="2015-06-14T19:04:59Z">
      <class name="Header.MenuArts">
        <test-method status="PASS" signature="setUp(java.lang.Boolean, java.lang.String, java.lang.String, java.lang.String, java.lang.String, java.lang.String, java.lang.String)[pri:0, instance:Header.MenuArts@6fadae5d]" name="setUp" is-config="true" duration-ms="11625" started-at="2015-06-14T15:04:33Z" finished-at="2015-06-14T15:04:45Z">
          <params>
            <param index="0">
              <value>
                <![CDATA[false]]>
              </value>
            </param>
            <param index="1">
              <value>
                <![CDATA[rajib0078]]>
              </value>
            </param>
            <param index="2">
              <value>
                <![CDATA[e7d64913-3a8f-4ef4-8f2c-d4a694179e16]]>
              </value>
            </param>
            <param index="3">
              <value>
                <![CDATA[chrome]]>
              </value>
            </param>
            <param index="4">
              <value>
                <![CDATA[41]]>
              </value>
            </param>
            <param index="5">
              <value>
                <![CDATA[windows]]>
              </value>
            </param>
            <param index="6">
              <value>
                <![CDATA[http://www.nytimes.com/]]>
              </value>
            </param>
          </params>
          <reporter-output>
          </reporter-output>
        </test-method> <!-- setUp -->
        <test-method status="PASS" signature="arts()[pri:0, instance:Header.MenuArts@6fadae5d]" name="arts" duration-ms="12642" started-at="2015-06-14T15:04:45Z" finished-at="2015-06-14T15:04:57Z">
          <reporter-output>
          </reporter-output>
        </test-method> <!-- arts -->
        <test-method status="PASS" signature="cleanUp()[pri:0, instance:Header.MenuArts@6fadae5d]" name="cleanUp" is-config="true" duration-ms="1456" started-at="2015-06-14T15:04:57Z" finished-at="2015-06-14T15:04:59Z">
          <reporter-output>
          </reporter-output>
        </test-method> <!-- cleanUp -->
      </class> <!-- Header.MenuArts -->
    </test> <!-- The NewYork Times Page -->
  </suite> <!-- The NewYork Times pages on Browser -->
</testng-results>
